# JRE version: OpenJDK Runtime Environment (14.0.2+12) (build 14.0.2+12-Ubuntu-120.04)
# Java VM: OpenJDK 64-Bit Server VM (14.0.2+12-Ubuntu-120.04, mixed mode, sharing, tiered, compressed oops, g1 gc, linux-amd64)
Heap:
 garbage-first heap   total 102400K, used 41224K [0x00000000a4a00000, 0x0000000100000000)
  region size 1024K, 15 young (15360K), 5 survivors (5120K)
 Metaspace       used 64448K, capacity 66149K, committed 66476K, reserved 1105920K
  class space    used 8556K, capacity 9215K, committed 9216K, reserved 1048576K
GC Heap History (20 events):
Event: 10,324 GC heap before
{Heap before GC invocations=12 (full 0):
 garbage-first heap   total 58368K, used 42398K [0x00000000a4a00000, 0x0000000100000000)
  region size 1024K, 30 young (30720K), 4 survivors (4096K)
 Metaspace       used 31266K, capacity 32274K, committed 32384K, reserved 1077248K
  class space    used 4007K, capacity 4411K, committed 4480K, reserved 1048576K
}
Event: 10,336 GC heap after
{Heap after GC invocations=13 (full 0):
 garbage-first heap   total 70656K, used 16999K [0x00000000a4a00000, 0x0000000100000000)
  region size 1024K, 2 young (2048K), 2 survivors (2048K)
 Metaspace       used 31266K, capacity 32274K, committed 32384K, reserved 1077248K
  class space    used 4007K, capacity 4411K, committed 4480K, reserved 1048576K
}
Event: 10,559 GC heap before
{Heap before GC invocations=13 (full 0):
 garbage-first heap   total 70656K, used 53863K [0x00000000a4a00000, 0x0000000100000000)
  region size 1024K, 39 young (39936K), 2 survivors (2048K)
 Metaspace       used 31971K, capacity 33011K, committed 33280K, reserved 1077248K
  class space    used 4069K, capacity 4486K, committed 4608K, reserved 1048576K
}
Event: 10,570 GC heap after
{Heap after GC invocations=14 (full 0):
 garbage-first heap   total 70656K, used 17325K [0x00000000a4a00000, 0x0000000100000000)
  region size 1024K, 3 young (3072K), 3 survivors (3072K)
 Metaspace       used 31971K, capacity 33011K, committed 33280K, reserved 1077248K
  class space    used 4069K, capacity 4486K, committed 4608K, reserved 1048576K
}
Event: 11,416 GC heap before
{Heap before GC invocations=14 (full 0):
 garbage-first heap   total 70656K, used 54189K [0x00000000a4a00000, 0x0000000100000000)
  region size 1024K, 40 young (40960K), 3 survivors (3072K)
 Metaspace       used 33887K, capacity 35066K, committed 35328K, reserved 1079296K
  class space    used 4301K, capacity 4763K, committed 4864K, reserved 1048576K
}
Event: 11,432 GC heap after
{Heap after GC invocations=15 (full 0):
 garbage-first heap   total 70656K, used 18203K [0x00000000a4a00000, 0x0000000100000000)
  region size 1024K, 3 young (3072K), 3 survivors (3072K)
 Metaspace       used 33887K, capacity 35066K, committed 35328K, reserved 1079296K
  class space    used 4301K, capacity 4763K, committed 4864K, reserved 1048576K
}
Event: 12,274 GC heap before
{Heap before GC invocations=15 (full 0):
 garbage-first heap   total 70656K, used 38683K [0x00000000a4a00000, 0x0000000100000000)
  region size 1024K, 24 young (24576K), 3 survivors (3072K)
 Metaspace       used 38126K, capacity 39363K, committed 39468K, reserved 1083392K
  class space    used 5038K, capacity 5491K, committed 5504K, reserved 1048576K
}
Event: 12,288 GC heap after
{Heap after GC invocations=16 (full 0):
 garbage-first heap   total 70656K, used 19105K [0x00000000a4a00000, 0x0000000100000000)
  region size 1024K, 3 young (3072K), 3 survivors (3072K)
 Metaspace       used 38126K, capacity 39363K, committed 39468K, reserved 1083392K
  class space    used 5038K, capacity 5491K, committed 5504K, reserved 1048576K
}
Event: 13,783 GC heap before
{Heap before GC invocations=17 (full 0):
 garbage-first heap   total 70656K, used 55969K [0x00000000a4a00000, 0x0000000100000000)
  region size 1024K, 39 young (39936K), 3 survivors (3072K)
 Metaspace       used 45637K, capacity 46910K, committed 47148K, reserved 1089536K
  class space    used 6009K, capacity 6510K, committed 6528K, reserved 1048576K
}
Event: 13,797 GC heap after
{Heap after GC invocations=18 (full 0):
 garbage-first heap   total 84992K, used 22640K [0x00000000a4a00000, 0x0000000100000000)
  region size 1024K, 5 young (5120K), 5 survivors (5120K)
 Metaspace       used 45637K, capacity 46910K, committed 47148K, reserved 1089536K
  class space    used 6009K, capacity 6510K, committed 6528K, reserved 1048576K
}
Event: 14,506 GC heap before
{Heap before GC invocations=18 (full 0):
 garbage-first heap   total 84992K, used 63600K [0x00000000a4a00000, 0x0000000100000000)
  region size 1024K, 46 young (47104K), 5 survivors (5120K)
 Metaspace       used 49639K, capacity 50909K, committed 51244K, reserved 1093632K
  class space    used 6470K, capacity 6945K, committed 7040K, reserved 1048576K
}
Event: 14,523 GC heap after
{Heap after GC invocations=19 (full 0):
 garbage-first heap   total 84992K, used 25278K [0x00000000a4a00000, 0x0000000100000000)
  region size 1024K, 3 young (3072K), 3 survivors (3072K)
 Metaspace       used 49639K, capacity 50909K, committed 51244K, reserved 1093632K
  class space    used 6470K, capacity 6945K, committed 7040K, reserved 1048576K
}
Event: 15,716 GC heap before
{Heap before GC invocations=19 (full 0):
 garbage-first heap   total 84992K, used 64190K [0x00000000a4a00000, 0x0000000100000000)
  region size 1024K, 41 young (41984K), 3 survivors (3072K)
 Metaspace       used 54500K, capacity 55851K, committed 56108K, reserved 1097728K
  class space    used 7242K, capacity 7759K, committed 7808K, reserved 1048576K
}
Event: 15,735 GC heap after
{Heap after GC invocations=20 (full 0):
 garbage-first heap   total 84992K, used 26909K [0x00000000a4a00000, 0x0000000100000000)
  region size 1024K, 5 young (5120K), 5 survivors (5120K)
 Metaspace       used 54500K, capacity 55851K, committed 56108K, reserved 1097728K
  class space    used 7242K, capacity 7759K, committed 7808K, reserved 1048576K
}
Event: 17,173 GC heap before
{Heap before GC invocations=20 (full 0):
 garbage-first heap   total 84992K, used 64797K [0x00000000a4a00000, 0x0000000100000000)
  region size 1024K, 42 young (43008K), 5 survivors (5120K)
 Metaspace       used 57955K, capacity 59401K, committed 59692K, reserved 1101824K
  class space    used 7720K, capacity 8298K, committed 8320K, reserved 1048576K
}
Event: 17,193 GC heap after
{Heap after GC invocations=21 (full 0):
 garbage-first heap   total 84992K, used 28637K [0x00000000a4a00000, 0x0000000100000000)
  region size 1024K, 4 young (4096K), 4 survivors (4096K)
 Metaspace       used 57955K, capacity 59401K, committed 59692K, reserved 1101824K
  class space    used 7720K, capacity 8298K, committed 8320K, reserved 1048576K
}
Event: 18,512 GC heap before
{Heap before GC invocations=21 (full 0):
 garbage-first heap   total 84992K, used 65501K [0x00000000a4a00000, 0x0000000100000000)
  region size 1024K, 40 young (40960K), 4 survivors (4096K)
 Metaspace       used 60580K, capacity 62140K, committed 62508K, reserved 1103872K
  class space    used 8089K, capacity 8717K, committed 8832K, reserved 1048576K
}
Event: 18,529 GC heap after
{Heap after GC invocations=22 (full 0):
 garbage-first heap   total 102400K, used 30644K [0x00000000a4a00000, 0x0000000100000000)
  region size 1024K, 4 young (4096K), 4 survivors (4096K)
 Metaspace       used 60580K, capacity 62140K, committed 62508K, reserved 1103872K
  class space    used 8089K, capacity 8717K, committed 8832K, reserved 1048576K
}
Event: 94,434 GC heap before
{Heap before GC invocations=22 (full 0):
 garbage-first heap   total 102400K, used 67508K [0x00000000a4a00000, 0x0000000100000000)
  region size 1024K, 42 young (43008K), 4 survivors (4096K)
 Metaspace       used 64118K, capacity 65824K, committed 65964K, reserved 1105920K
  class space    used 8527K, capacity 9214K, committed 9216K, reserved 1048576K
}
Event: 94,480 GC heap after
{Heap after GC invocations=23 (full 0):
 garbage-first heap   total 102400K, used 32008K [0x00000000a4a00000, 0x0000000100000000)
  region size 1024K, 5 young (5120K), 5 survivors (5120K)
 Metaspace       used 64118K, capacity 65824K, committed 65964K, reserved 1105920K
  class space    used 8527K, capacity 9214K, committed 9216K, reserved 1048576K
}

